<?xml version="1.0" encoding="UTF-8"?>
<!-- Generated by org.testng.reporters.JUnitXMLReporter -->
<testsuite ignored="0" hostname="DESKTOP-9QTIESN" failures="0" tests="4" name="Default test" time="36.158" errors="0" timestamp="2025-01-12T12:22:40 IST">
  <testcase classname="demopack.DataProviderdemo2" name="entervaluesininputfield" time="8.91"/>
  <testcase classname="demopack.DataProviderdemo2" name="entervaluesininputfield" time="4.786"/>
  <testcase classname="demopack.DataProviderdemo2" name="entervaluesininputfield" time="7.212"/>
  <testcase classname="demopack.DataProviderdemo2" name="entervaluesininputfield" time="15.043"/>
</testsuite> <!-- Default test -->
