<?xml version="1.0" encoding="UTF-8"?>
<testng-results ignored="0" total="4" passed="4" failed="0" skipped="0">
  <reporter-output>
  </reporter-output>
  <suite started-at="2025-01-12T12:22:04 IST" name="Default suite" finished-at="2025-01-12T12:22:40 IST" duration-ms="36158">
    <groups>
    </groups>
    <test started-at="2025-01-12T12:22:04 IST" name="Default test" finished-at="2025-01-12T12:22:40 IST" duration-ms="36158">
      <class name="demopack.DataProviderdemo2">
        <test-method signature="entervaluesininputfield(java.lang.String,java.lang.String)[pri:0, instance:demopack.DataProviderdemo2@8dbdac1]" started-at="2025-01-12T12:22:04 IST" name="entervaluesininputfield" data-provider="dp" finished-at="2025-01-12T12:22:13 IST" duration-ms="8910" status="PASS">
          <params>
            <param index="0">
              <value>
                <![CDATA[5]]>
              </value>
            </param>
            <param index="1">
              <value>
                <![CDATA[10]]>
              </value>
            </param>
          </params>
          <reporter-output>
          </reporter-output>
        </test-method> <!-- entervaluesininputfield -->
        <test-method signature="entervaluesininputfield(java.lang.String,java.lang.String)[pri:0, instance:demopack.DataProviderdemo2@8dbdac1]" started-at="2025-01-12T12:22:13 IST" name="entervaluesininputfield" data-provider="dp" finished-at="2025-01-12T12:22:18 IST" duration-ms="4786" status="PASS">
          <params>
            <param index="0">
              <value>
                <![CDATA[8]]>
              </value>
            </param>
            <param index="1">
              <value>
                <![CDATA[15]]>
              </value>
            </param>
          </params>
          <reporter-output>
          </reporter-output>
        </test-method> <!-- entervaluesininputfield -->
        <test-method signature="entervaluesininputfield(java.lang.String,java.lang.String)[pri:0, instance:demopack.DataProviderdemo2@8dbdac1]" started-at="2025-01-12T12:22:18 IST" name="entervaluesininputfield" data-provider="dp" finished-at="2025-01-12T12:22:25 IST" duration-ms="7212" status="PASS">
          <params>
            <param index="0">
              <value>
                <![CDATA[10]]>
              </value>
            </param>
            <param index="1">
              <value>
                <![CDATA[17]]>
              </value>
            </param>
          </params>
          <reporter-output>
          </reporter-output>
        </test-method> <!-- entervaluesininputfield -->
        <test-method signature="entervaluesininputfield(java.lang.String,java.lang.String)[pri:0, instance:demopack.DataProviderdemo2@8dbdac1]" started-at="2025-01-12T12:22:25 IST" name="entervaluesininputfield" data-provider="dp" finished-at="2025-01-12T12:22:40 IST" duration-ms="15043" status="PASS">
          <params>
            <param index="0">
              <value>
                <![CDATA[4]]>
              </value>
            </param>
            <param index="1">
              <value>
                <![CDATA[12]]>
              </value>
            </param>
          </params>
          <reporter-output>
          </reporter-output>
        </test-method> <!-- entervaluesininputfield -->
      </class> <!-- demopack.DataProviderdemo2 -->
    </test> <!-- Default test -->
  </suite> <!-- Default suite -->
</testng-results>
